<?xml version="1.0" encoding="UTF-8"?>
<!-- Generated by org.testng.reporters.JUnitReportReporter -->
<testsuite hostname="Tejaswini" failures="0" tests="4" name="com.example.AppTest" time="118.706" errors="0" timestamp="2024-05-02T11:13:28 IST" skipped="0">
  <testcase classname="com.example.AppTest" name="testcase1" time="91.895"/>
  <testcase classname="com.example.AppTest" name="testcase2" time="6.843"/>
  <testcase classname="com.example.AppTest" name="testcase3" time="19.618"/>
  <testcase classname="com.example.AppTest" name="testcase4" time="0.350"/>
</testsuite> <!-- com.example.AppTest -->
